<?xml version="1.0" encoding="UTF-8"?>
<!-- Generated by org.testng.reporters.JUnitReportReporter -->
<testsuite hostname="LAPTOP-C7EHRFH9" failures="0" tests="1" name="testCase.TC_04CreateContactsWithExistingOrganization_Test" time="54.249" errors="0" timestamp="2023-07-15T11:14:34 IST" skipped="0">
  <testcase classname="testCase.TC_04CreateContactsWithExistingOrganization_Test" name="TC_04" time="54.249"/>
</testsuite> <!-- testCase.TC_04CreateContactsWithExistingOrganization_Test -->
